c:\users\maste\desktop\term 1\network programming\assessment\game\assesment no networkig\servernetworking\networking\debug\servernetworking.pch
c:\users\maste\desktop\term 1\network programming\assessment\game\assesment no networkig\servernetworking\networking\debug\vc142.pdb
c:\users\maste\desktop\term 1\network programming\assessment\game\assesment no networkig\servernetworking\networking\debug\vc142.idb
c:\users\maste\desktop\term 1\network programming\assessment\game\assesment no networkig\servernetworking\networking\debug\preheads.obj
c:\users\maste\desktop\term 1\network programming\assessment\game\assesment no networkig\servernetworking\networking\debug\player.obj
c:\users\maste\desktop\term 1\network programming\assessment\game\assesment no networkig\servernetworking\networking\debug\main.obj
c:\users\maste\desktop\term 1\network programming\assessment\game\assesment no networkig\servernetworking\networking\debug\level.obj
c:\users\maste\desktop\term 1\network programming\assessment\game\assesment no networkig\servernetworking\networking\debug\gun.obj
c:\users\maste\desktop\term 1\network programming\assessment\game\assesment no networkig\servernetworking\networking\debug\game.obj
c:\users\maste\desktop\term 1\network programming\assessment\game\assesment no networkig\servernetworking\networking\debug\collision.obj
c:\users\maste\desktop\term 1\network programming\assessment\game\assesment no networkig\servernetworking\networking\debug\bullet.obj
c:\users\maste\desktop\term 1\network programming\assessment\game\assesment no networkig\servernetworking\networking\debug\networking.obj
c:\users\maste\desktop\term 1\network programming\assessment\game\tcp - merged\servernetworking\servernetworking\networking\debug\servernetworking.pch
c:\users\maste\desktop\term 1\network programming\assessment\game\tcp - merged\servernetworking\servernetworking\networking\debug\vc142.pdb
c:\users\maste\desktop\term 1\network programming\assessment\game\tcp - merged\servernetworking\servernetworking\networking\debug\vc142.idb
c:\users\maste\desktop\term 1\network programming\assessment\game\tcp - merged\servernetworking\servernetworking\networking\debug\preheads.obj
c:\users\maste\desktop\term 1\network programming\assessment\game\tcp - merged\servernetworking\servernetworking\networking\debug\player.obj
c:\users\maste\desktop\term 1\network programming\assessment\game\tcp - merged\servernetworking\servernetworking\networking\debug\networking.obj
c:\users\maste\desktop\term 1\network programming\assessment\game\tcp - merged\servernetworking\servernetworking\networking\debug\main.obj
c:\users\maste\desktop\term 1\network programming\assessment\game\tcp - merged\servernetworking\servernetworking\networking\debug\level.obj
c:\users\maste\desktop\term 1\network programming\assessment\game\tcp - merged\servernetworking\servernetworking\networking\debug\gun.obj
c:\users\maste\desktop\term 1\network programming\assessment\game\tcp - merged\servernetworking\servernetworking\networking\debug\game.obj
c:\users\maste\desktop\term 1\network programming\assessment\game\tcp - merged\servernetworking\servernetworking\networking\debug\collision.obj
c:\users\maste\desktop\term 1\network programming\assessment\game\tcp - merged\servernetworking\servernetworking\networking\debug\bullet.obj
c:\users\maste\desktop\tcp - merged\servernetworking\servernetworking\networking\debug\servernetworking.pch
c:\users\maste\desktop\tcp - merged\servernetworking\servernetworking\networking\debug\vc142.pdb
c:\users\maste\desktop\tcp - merged\servernetworking\servernetworking\networking\debug\vc142.idb
c:\users\maste\desktop\tcp - merged\servernetworking\servernetworking\networking\debug\preheads.obj
c:\users\maste\desktop\tcp - merged\servernetworking\servernetworking\networking\debug\player.obj
c:\users\maste\desktop\tcp - merged\servernetworking\servernetworking\networking\debug\networking.obj
c:\users\maste\desktop\tcp - merged\servernetworking\servernetworking\networking\debug\main.obj
c:\users\maste\desktop\tcp - merged\servernetworking\servernetworking\networking\debug\level.obj
c:\users\maste\desktop\tcp - merged\servernetworking\servernetworking\networking\debug\gun.obj
c:\users\maste\desktop\tcp - merged\servernetworking\servernetworking\networking\debug\game.obj
c:\users\maste\desktop\tcp - merged\servernetworking\servernetworking\networking\debug\collision.obj
c:\users\maste\desktop\tcp - merged\servernetworking\servernetworking\networking\debug\bullet.obj
c:\users\maste\desktop\term 1\network programming\assessment\game\assesment no networkig\servernetworking\debug\servernetworking.exe
c:\users\maste\desktop\term 1\network programming\assessment\game\assesment no networkig\servernetworking\networking\debug\servernetworking.ilk
c:\users\maste\desktop\term 1\network programming\assessment\game\assesment no networkig\servernetworking\debug\servernetworking.pdb
c:\users\maste\desktop\term 1\network programming\assessment\game\tcp - merged\servernetworking\servernetworking\debug\servernetworking.exe
c:\users\maste\desktop\term 1\network programming\assessment\game\tcp - merged\servernetworking\servernetworking\networking\debug\servernetworking.ilk
c:\users\maste\desktop\term 1\network programming\assessment\game\tcp - merged\servernetworking\servernetworking\debug\servernetworking.pdb
c:\users\maste\desktop\tcp - merged\servernetworking\servernetworking\debug\servernetworking.exe
c:\users\maste\desktop\tcp - merged\servernetworking\servernetworking\networking\debug\servernetworking.ilk
c:\users\maste\desktop\tcp - merged\servernetworking\servernetworking\debug\servernetworking.pdb
c:\users\maste\desktop\tcp - merged\servernetworking\servernetworking\networking\debug\network.obj
c:\users\maste\desktop\tcp - merged\servernetworking\servernetworking\networking\debug\servernetworking.tlog\cl.command.1.tlog
c:\users\maste\desktop\tcp - merged\servernetworking\servernetworking\networking\debug\servernetworking.tlog\cl.read.1.tlog
c:\users\maste\desktop\tcp - merged\servernetworking\servernetworking\networking\debug\servernetworking.tlog\cl.write.1.tlog
c:\users\maste\desktop\tcp - merged\servernetworking\servernetworking\networking\debug\servernetworking.tlog\link.command.1.tlog
c:\users\maste\desktop\tcp - merged\servernetworking\servernetworking\networking\debug\servernetworking.tlog\link.read.1.tlog
c:\users\maste\desktop\tcp - merged\servernetworking\servernetworking\networking\debug\servernetworking.tlog\link.write.1.tlog
